Mplus VERSION 8.10 (Mac)
MUTHEN & MUTHEN
08/13/2023  12:47 PM

INPUT INSTRUCTIONS

  TITLE:
  rasch mimic;
  montecarlo:
  	NAMES = i01-i13 u;
  	GENERATE = i01-i13(1);
      CUTPOINTS = u(1);
  	CATEGORICAL = i01-i13;
  	nobservations = 5000;
  	seed = 58459;
  	nreps = 1;
  	save = rasch_bias_n5000.dat;

  ANALYSIS:	
  	TYPE = GENERAL;
  	ESTIMATOR = MLR;

  MODEL POPULATION:

  !covariates
  [u@0];
  u@1;

  !measurement model
  theta by i01@1;
  theta by i02@1;
  theta by i03@1;
  theta by i04@1;
  theta by i05@1;
  theta by i06@1;
  theta by i07@1;
  theta by i08@1;
  theta by i09@1;
  theta by i10@1;
  theta by i11@1;
  theta by i12@1;
  theta by i13@1;

  !means
  [theta@0];

  !variance;
  theta@2;

  !latent regression
  theta on u@0;

  !effect on thresholds (no diff)
  i01 on u@0;
  i02 on u@0;
  i03 on u@0;
  i04 on u@0;
  i05 on u@0;
  i06 on u@0;
  i07 on u@0;
  i08 on u@0;
  i09 on u@0;


  !effect on thresholds (some dif)
  i10 on u@2.5;
  i11 on u@2.5;
  i12 on u@2.5;
  i13 on u@2.5;


  !delta
  [i01$1*-2.00];
  [i02$1*-1.80];
  [i03$1*-1.40];
  [i04$1*-1.20];
  [i05$1*-1.00];
  [i06$1*-0.60];
  [i07$1*-0.20];
  [i08$1*0.00];
  [i09$1*0.50];
  [i10$1*1.20];
  [i11$1*2.00];
  [i12$1*2.10];
  [i13$1*2.20];

  MODEL:
  	

  !measurement model
  theta by i01@1;
  theta by i02@1;
  theta by i03@1;
  theta by i04@1;
  theta by i05@1;
  theta by i06@1;
  theta by i07@1;
  theta by i08@1;
  theta by i09@1;
  theta by i10@1;
  theta by i11@1;
  theta by i12@1;
  theta by i13@1;

  !means
  [theta@0];

  !variance;
  theta@1;

  !latent regression
  theta on u;


  output:
  tech8
  tech9
  ;



INPUT READING TERMINATED NORMALLY




rasch mimic;

SUMMARY OF ANALYSIS

Number of groups                                                 1
Number of observations                                        5000

Number of replications
    Requested                                                    1
    Completed                                                    1
Value of seed                                                58459

Number of dependent variables                                   13
Number of independent variables                                  1
Number of continuous latent variables                            1

Observed dependent variables

  Binary and ordered categorical (ordinal)
   I01         I02         I03         I04         I05         I06
   I07         I08         I09         I10         I11         I12
   I13

Observed independent variables
   U

Continuous latent variables
   THETA


Estimator                                                      MLR
Information matrix                                        OBSERVED
Optimization Specifications for the Quasi-Newton Algorithm for
Continuous Outcomes
  Maximum number of iterations                                 100
  Convergence criterion                                  0.100D-05
Optimization Specifications for the EM Algorithm
  Maximum number of iterations                                 500
  Convergence criteria
    Loglikelihood change                                 0.100D-02
    Relative loglikelihood change                        0.100D-05
    Derivative                                           0.100D-02
Optimization Specifications for the M step of the EM Algorithm for
Categorical Latent variables
  Number of M step iterations                                    1
  M step convergence criterion                           0.100D-02
  Basis for M step termination                           ITERATION
Optimization Specifications for the M step of the EM Algorithm for
Censored, Binary or Ordered Categorical (Ordinal), Unordered
Categorical (Nominal) and Count Outcomes
  Number of M step iterations                                    1
  M step convergence criterion                           0.100D-02
  Basis for M step termination                           ITERATION
  Maximum value for logit thresholds                            15
  Minimum value for logit thresholds                           -15
  Minimum expected cell size for chi-square              0.100D-01
Optimization algorithm                                         EMA
Integration Specifications
  Type                                                    STANDARD
  Number of integration points                                  15
  Dimensions of numerical integration                            1
  Adaptive quadrature                                           ON
Link                                                         LOGIT
Cholesky                                                        ON


SAMPLE STATISTICS FOR THE FIRST REPLICATION


     SAMPLE STATISTICS


           Means
              U
              ________
                0.158


           Covariances
              U
              ________
 U              0.133


           Correlations
              U
              ________
 U              1.000




MODEL FIT INFORMATION

Number of Free Parameters                       14

Loglikelihood

    H0 Value

        Mean                            -34812.241
        Std Dev                              0.000
        Number of successful computations        1

             Proportions                   Percentiles
        Expected    Observed         Expected       Observed
           0.990       0.000       -34812.241     -34812.241
           0.980       0.000       -34812.241     -34812.241
           0.950       0.000       -34812.241     -34812.241
           0.900       0.000       -34812.241     -34812.241
           0.800       0.000       -34812.241     -34812.241
           0.700       0.000       -34812.241     -34812.241
           0.500       0.000       -34812.241     -34812.241
           0.300       0.000       -34812.241     -34812.241
           0.200       0.000       -34812.241     -34812.241
           0.100       0.000       -34812.241     -34812.241
           0.050       0.000       -34812.241     -34812.241
           0.020       0.000       -34812.241     -34812.241
           0.010       0.000       -34812.241     -34812.241

Information Criteria

    Akaike (AIC)

        Mean                             69652.482
        Std Dev                              0.000
        Number of successful computations        1

             Proportions                   Percentiles
        Expected    Observed         Expected       Observed
           0.990       0.000        69652.482      69652.482
           0.980       0.000        69652.482      69652.482
           0.950       0.000        69652.482      69652.482
           0.900       0.000        69652.482      69652.482
           0.800       0.000        69652.482      69652.482
           0.700       0.000        69652.482      69652.482
           0.500       0.000        69652.482      69652.482
           0.300       0.000        69652.482      69652.482
           0.200       0.000        69652.482      69652.482
           0.100       0.000        69652.482      69652.482
           0.050       0.000        69652.482      69652.482
           0.020       0.000        69652.482      69652.482
           0.010       0.000        69652.482      69652.482

    Bayesian (BIC)

        Mean                             69743.722
        Std Dev                              0.000
        Number of successful computations        1

             Proportions                   Percentiles
        Expected    Observed         Expected       Observed
           0.990       0.000        69743.722      69743.722
           0.980       0.000        69743.722      69743.722
           0.950       0.000        69743.722      69743.722
           0.900       0.000        69743.722      69743.722
           0.800       0.000        69743.722      69743.722
           0.700       0.000        69743.722      69743.722
           0.500       0.000        69743.722      69743.722
           0.300       0.000        69743.722      69743.722
           0.200       0.000        69743.722      69743.722
           0.100       0.000        69743.722      69743.722
           0.050       0.000        69743.722      69743.722
           0.020       0.000        69743.722      69743.722
           0.010       0.000        69743.722      69743.722

    Sample-Size Adjusted BIC (n* = (n + 2) / 24)

        Mean                             69699.235
        Std Dev                              0.000
        Number of successful computations        1

             Proportions                   Percentiles
        Expected    Observed         Expected       Observed
           0.990       0.000        69699.235      69699.235
           0.980       0.000        69699.235      69699.235
           0.950       0.000        69699.235      69699.235
           0.900       0.000        69699.235      69699.235
           0.800       0.000        69699.235      69699.235
           0.700       0.000        69699.235      69699.235
           0.500       0.000        69699.235      69699.235
           0.300       0.000        69699.235      69699.235
           0.200       0.000        69699.235      69699.235
           0.100       0.000        69699.235      69699.235
           0.050       0.000        69699.235      69699.235
           0.020       0.000        69699.235      69699.235
           0.010       0.000        69699.235      69699.235



MODEL RESULTS

                              ESTIMATES              S. E.     M. S. E.  95%  % Sig
                 Population   Average   Std. Dev.   Average             Cover Coeff

 THETA    BY
  I01                 1.000     1.0000     0.0000     0.0000     0.0000 1.000 0.000
  I02                 1.000     1.0000     0.0000     0.0000     0.0000 1.000 0.000
  I03                 1.000     1.0000     0.0000     0.0000     0.0000 1.000 0.000
  I04                 1.000     1.0000     0.0000     0.0000     0.0000 1.000 0.000
  I05                 1.000     1.0000     0.0000     0.0000     0.0000 1.000 0.000
  I06                 1.000     1.0000     0.0000     0.0000     0.0000 1.000 0.000
  I07                 1.000     1.0000     0.0000     0.0000     0.0000 1.000 0.000
  I08                 1.000     1.0000     0.0000     0.0000     0.0000 1.000 0.000
  I09                 1.000     1.0000     0.0000     0.0000     0.0000 1.000 0.000
  I10                 1.000     1.0000     0.0000     0.0000     0.0000 1.000 0.000
  I11                 1.000     1.0000     0.0000     0.0000     0.0000 1.000 0.000
  I12                 1.000     1.0000     0.0000     0.0000     0.0000 1.000 0.000
  I13                 1.000     1.0000     0.0000     0.0000     0.0000 1.000 0.000

 THETA      ON
  U                   0.000     0.8280     0.0000     0.0620     0.6856 0.000 1.000

 Intercepts
  THETA               0.000     0.0000     0.0000     0.0000     0.0000 1.000 0.000

 Thresholds
  I01$1               0.000    -1.7353     0.0000     0.0435     3.0111 0.000 1.000
  I02$1               0.000    -1.5124     0.0000     0.0418     2.2875 0.000 1.000
  I03$1               0.000    -1.1927     0.0000     0.0399     1.4225 0.000 1.000
  I04$1               0.000    -0.9282     0.0000     0.0388     0.8615 0.000 1.000
  I05$1               0.000    -0.8294     0.0000     0.0385     0.6879 0.000 1.000
  I06$1               0.000    -0.4188     0.0000     0.0372     0.1754 0.000 1.000
  I07$1               0.000    -0.0394     0.0000     0.0369     0.0016 1.000 0.000
  I08$1               0.000     0.0870     0.0000     0.0371     0.0076 0.000 1.000
  I09$1               0.000     0.5677     0.0000     0.0375     0.3223 0.000 1.000
  I10$1               0.000     0.8704     0.0000     0.0372     0.7576 0.000 1.000
  I11$1               0.000     1.5088     0.0000     0.0392     2.2765 0.000 1.000
  I12$1               0.000     1.6049     0.0000     0.0399     2.5758 0.000 1.000
  I13$1               0.000     1.7190     0.0000     0.0406     2.9549 0.000 1.000

 Residual Variances
  THETA               1.000     1.0000     0.0000     0.0000     0.0000 1.000 0.000


QUALITY OF NUMERICAL RESULTS

     Average Condition Number for the Information Matrix      0.200E+00
       (ratio of smallest to largest eigenvalue)


TECHNICAL 1 OUTPUT


     PARAMETER SPECIFICATION


           TAU
              I01$1         I02$1         I03$1         I04$1         I05$1
              ________      ________      ________      ________      ________
                    2             3             4             5             6


           TAU
              I06$1         I07$1         I08$1         I09$1         I10$1
              ________      ________      ________      ________      ________
                    7             8             9            10            11


           TAU
              I11$1         I12$1         I13$1
              ________      ________      ________
                   12            13            14


           NU
              I01           I02           I03           I04           I05
              ________      ________      ________      ________      ________
                    0             0             0             0             0


           NU
              I06           I07           I08           I09           I10
              ________      ________      ________      ________      ________
                    0             0             0             0             0


           NU
              I11           I12           I13           U
              ________      ________      ________      ________
                    0             0             0             0


           LAMBDA
              THETA         U
              ________      ________
 I01                0             0
 I02                0             0
 I03                0             0
 I04                0             0
 I05                0             0
 I06                0             0
 I07                0             0
 I08                0             0
 I09                0             0
 I10                0             0
 I11                0             0
 I12                0             0
 I13                0             0
 U                  0             0


           THETA
              I01           I02           I03           I04           I05
              ________      ________      ________      ________      ________
 I01                0
 I02                0             0
 I03                0             0             0
 I04                0             0             0             0
 I05                0             0             0             0             0
 I06                0             0             0             0             0
 I07                0             0             0             0             0
 I08                0             0             0             0             0
 I09                0             0             0             0             0
 I10                0             0             0             0             0
 I11                0             0             0             0             0
 I12                0             0             0             0             0
 I13                0             0             0             0             0
 U                  0             0             0             0             0


           THETA
              I06           I07           I08           I09           I10
              ________      ________      ________      ________      ________
 I06                0
 I07                0             0
 I08                0             0             0
 I09                0             0             0             0
 I10                0             0             0             0             0
 I11                0             0             0             0             0
 I12                0             0             0             0             0
 I13                0             0             0             0             0
 U                  0             0             0             0             0


           THETA
              I11           I12           I13           U
              ________      ________      ________      ________
 I11                0
 I12                0             0
 I13                0             0             0
 U                  0             0             0             0


           ALPHA
              THETA         U
              ________      ________
                    0             0


           BETA
              THETA         U
              ________      ________
 THETA              0             1
 U                  0             0


           PSI
              THETA         U
              ________      ________
 THETA              0
 U                  0             0


     STARTING VALUES


           TAU
              I01$1         I02$1         I03$1         I04$1         I05$1
              ________      ________      ________      ________      ________
                0.000         0.000         0.000         0.000         0.000


           TAU
              I06$1         I07$1         I08$1         I09$1         I10$1
              ________      ________      ________      ________      ________
                0.000         0.000         0.000         0.000         0.000


           TAU
              I11$1         I12$1         I13$1
              ________      ________      ________
                0.000         0.000         0.000


           NU
              I01           I02           I03           I04           I05
              ________      ________      ________      ________      ________
                0.000         0.000         0.000         0.000         0.000


           NU
              I06           I07           I08           I09           I10
              ________      ________      ________      ________      ________
                0.000         0.000         0.000         0.000         0.000


           NU
              I11           I12           I13           U
              ________      ________      ________      ________
                0.000         0.000         0.000         0.000


           LAMBDA
              THETA         U
              ________      ________
 I01            1.000         0.000
 I02            1.000         0.000
 I03            1.000         0.000
 I04            1.000         0.000
 I05            1.000         0.000
 I06            1.000         0.000
 I07            1.000         0.000
 I08            1.000         0.000
 I09            1.000         0.000
 I10            1.000         0.000
 I11            1.000         0.000
 I12            1.000         0.000
 I13            1.000         0.000
 U              0.000         1.000


           THETA
              I01           I02           I03           I04           I05
              ________      ________      ________      ________      ________
 I01            1.000
 I02            0.000         1.000
 I03            0.000         0.000         1.000
 I04            0.000         0.000         0.000         1.000
 I05            0.000         0.000         0.000         0.000         1.000
 I06            0.000         0.000         0.000         0.000         0.000
 I07            0.000         0.000         0.000         0.000         0.000
 I08            0.000         0.000         0.000         0.000         0.000
 I09            0.000         0.000         0.000         0.000         0.000
 I10            0.000         0.000         0.000         0.000         0.000
 I11            0.000         0.000         0.000         0.000         0.000
 I12            0.000         0.000         0.000         0.000         0.000
 I13            0.000         0.000         0.000         0.000         0.000
 U              0.000         0.000         0.000         0.000         0.000


           THETA
              I06           I07           I08           I09           I10
              ________      ________      ________      ________      ________
 I06            1.000
 I07            0.000         1.000
 I08            0.000         0.000         1.000
 I09            0.000         0.000         0.000         1.000
 I10            0.000         0.000         0.000         0.000         1.000
 I11            0.000         0.000         0.000         0.000         0.000
 I12            0.000         0.000         0.000         0.000         0.000
 I13            0.000         0.000         0.000         0.000         0.000
 U              0.000         0.000         0.000         0.000         0.000


           THETA
              I11           I12           I13           U
              ________      ________      ________      ________
 I11            1.000
 I12            0.000         1.000
 I13            0.000         0.000         1.000
 U              0.000         0.000         0.000         0.000


           ALPHA
              THETA         U
              ________      ________
                0.000         0.000


           BETA
              THETA         U
              ________      ________
 THETA          0.000         0.000
 U              0.000         0.000


           PSI
              THETA         U
              ________      ________
 THETA          1.000
 U              0.000         0.500


     POPULATION VALUES


           TAU
              I01$1         I02$1         I03$1         I04$1         I05$1
              ________      ________      ________      ________      ________
               -2.000        -1.800        -1.400        -1.200        -1.000


           TAU
              I06$1         I07$1         I08$1         I09$1         I10$1
              ________      ________      ________      ________      ________
               -0.600        -0.200         0.000         0.500         1.200


           TAU
              I11$1         I12$1         I13$1
              ________      ________      ________
                2.000         2.100         2.200


           NU
              I01           I02           I03           I04           I05
              ________      ________      ________      ________      ________
                0.000         0.000         0.000         0.000         0.000


           NU
              I06           I07           I08           I09           I10
              ________      ________      ________      ________      ________
                0.000         0.000         0.000         0.000         0.000


           NU
              I11           I12           I13           U
              ________      ________      ________      ________
                0.000         0.000         0.000         0.000


           LAMBDA
              THETA         I01           I02           I03           I04
              ________      ________      ________      ________      ________
 I01            0.000         1.000         0.000         0.000         0.000
 I02            0.000         0.000         1.000         0.000         0.000
 I03            0.000         0.000         0.000         1.000         0.000
 I04            0.000         0.000         0.000         0.000         1.000
 I05            0.000         0.000         0.000         0.000         0.000
 I06            0.000         0.000         0.000         0.000         0.000
 I07            0.000         0.000         0.000         0.000         0.000
 I08            0.000         0.000         0.000         0.000         0.000
 I09            0.000         0.000         0.000         0.000         0.000
 I10            0.000         0.000         0.000         0.000         0.000
 I11            0.000         0.000         0.000         0.000         0.000
 I12            0.000         0.000         0.000         0.000         0.000
 I13            0.000         0.000         0.000         0.000         0.000
 U              0.000         0.000         0.000         0.000         0.000


           LAMBDA
              I05           I06           I07           I08           I09
              ________      ________      ________      ________      ________
 I01            0.000         0.000         0.000         0.000         0.000
 I02            0.000         0.000         0.000         0.000         0.000
 I03            0.000         0.000         0.000         0.000         0.000
 I04            0.000         0.000         0.000         0.000         0.000
 I05            1.000         0.000         0.000         0.000         0.000
 I06            0.000         1.000         0.000         0.000         0.000
 I07            0.000         0.000         1.000         0.000         0.000
 I08            0.000         0.000         0.000         1.000         0.000
 I09            0.000         0.000         0.000         0.000         1.000
 I10            0.000         0.000         0.000         0.000         0.000
 I11            0.000         0.000         0.000         0.000         0.000
 I12            0.000         0.000         0.000         0.000         0.000
 I13            0.000         0.000         0.000         0.000         0.000
 U              0.000         0.000         0.000         0.000         0.000


           LAMBDA
              I10           I11           I12           I13           U
              ________      ________      ________      ________      ________
 I01            0.000         0.000         0.000         0.000         0.000
 I02            0.000         0.000         0.000         0.000         0.000
 I03            0.000         0.000         0.000         0.000         0.000
 I04            0.000         0.000         0.000         0.000         0.000
 I05            0.000         0.000         0.000         0.000         0.000
 I06            0.000         0.000         0.000         0.000         0.000
 I07            0.000         0.000         0.000         0.000         0.000
 I08            0.000         0.000         0.000         0.000         0.000
 I09            0.000         0.000         0.000         0.000         0.000
 I10            1.000         0.000         0.000         0.000         0.000
 I11            0.000         1.000         0.000         0.000         0.000
 I12            0.000         0.000         1.000         0.000         0.000
 I13            0.000         0.000         0.000         1.000         0.000
 U              0.000         0.000         0.000         0.000         1.000


           THETA
              I01           I02           I03           I04           I05
              ________      ________      ________      ________      ________
 I01            0.000
 I02            0.000         0.000
 I03            0.000         0.000         0.000
 I04            0.000         0.000         0.000         0.000
 I05            0.000         0.000         0.000         0.000         0.000
 I06            0.000         0.000         0.000         0.000         0.000
 I07            0.000         0.000         0.000         0.000         0.000
 I08            0.000         0.000         0.000         0.000         0.000
 I09            0.000         0.000         0.000         0.000         0.000
 I10            0.000         0.000         0.000         0.000         0.000
 I11            0.000         0.000         0.000         0.000         0.000
 I12            0.000         0.000         0.000         0.000         0.000
 I13            0.000         0.000         0.000         0.000         0.000
 U              0.000         0.000         0.000         0.000         0.000


           THETA
              I06           I07           I08           I09           I10
              ________      ________      ________      ________      ________
 I06            0.000
 I07            0.000         0.000
 I08            0.000         0.000         0.000
 I09            0.000         0.000         0.000         0.000
 I10            0.000         0.000         0.000         0.000         0.000
 I11            0.000         0.000         0.000         0.000         0.000
 I12            0.000         0.000         0.000         0.000         0.000
 I13            0.000         0.000         0.000         0.000         0.000
 U              0.000         0.000         0.000         0.000         0.000


           THETA
              I11           I12           I13           U
              ________      ________      ________      ________
 I11            0.000
 I12            0.000         0.000
 I13            0.000         0.000         0.000
 U              0.000         0.000         0.000         0.000


           ALPHA
              THETA         I01           I02           I03           I04
              ________      ________      ________      ________      ________
                0.000         0.000         0.000         0.000         0.000


           ALPHA
              I05           I06           I07           I08           I09
              ________      ________      ________      ________      ________
                0.000         0.000         0.000         0.000         0.000


           ALPHA
              I10           I11           I12           I13           U
              ________      ________      ________      ________      ________
                0.000         0.000         0.000         0.000         0.000


           BETA
              THETA         I01           I02           I03           I04
              ________      ________      ________      ________      ________
 THETA          0.000         0.000         0.000         0.000         0.000
 I01            1.000         0.000         0.000         0.000         0.000
 I02            1.000         0.000         0.000         0.000         0.000
 I03            1.000         0.000         0.000         0.000         0.000
 I04            1.000         0.000         0.000         0.000         0.000
 I05            1.000         0.000         0.000         0.000         0.000
 I06            1.000         0.000         0.000         0.000         0.000
 I07            1.000         0.000         0.000         0.000         0.000
 I08            1.000         0.000         0.000         0.000         0.000
 I09            1.000         0.000         0.000         0.000         0.000
 I10            1.000         0.000         0.000         0.000         0.000
 I11            1.000         0.000         0.000         0.000         0.000
 I12            1.000         0.000         0.000         0.000         0.000
 I13            1.000         0.000         0.000         0.000         0.000
 U              0.000         0.000         0.000         0.000         0.000


           BETA
              I05           I06           I07           I08           I09
              ________      ________      ________      ________      ________
 THETA          0.000         0.000         0.000         0.000         0.000
 I01            0.000         0.000         0.000         0.000         0.000
 I02            0.000         0.000         0.000         0.000         0.000
 I03            0.000         0.000         0.000         0.000         0.000
 I04            0.000         0.000         0.000         0.000         0.000
 I05            0.000         0.000         0.000         0.000         0.000
 I06            0.000         0.000         0.000         0.000         0.000
 I07            0.000         0.000         0.000         0.000         0.000
 I08            0.000         0.000         0.000         0.000         0.000
 I09            0.000         0.000         0.000         0.000         0.000
 I10            0.000         0.000         0.000         0.000         0.000
 I11            0.000         0.000         0.000         0.000         0.000
 I12            0.000         0.000         0.000         0.000         0.000
 I13            0.000         0.000         0.000         0.000         0.000
 U              0.000         0.000         0.000         0.000         0.000


           BETA
              I10           I11           I12           I13           U
              ________      ________      ________      ________      ________
 THETA          0.000         0.000         0.000         0.000         0.000
 I01            0.000         0.000         0.000         0.000         0.000
 I02            0.000         0.000         0.000         0.000         0.000
 I03            0.000         0.000         0.000         0.000         0.000
 I04            0.000         0.000         0.000         0.000         0.000
 I05            0.000         0.000         0.000         0.000         0.000
 I06            0.000         0.000         0.000         0.000         0.000
 I07            0.000         0.000         0.000         0.000         0.000
 I08            0.000         0.000         0.000         0.000         0.000
 I09            0.000         0.000         0.000         0.000         0.000
 I10            0.000         0.000         0.000         0.000         2.500
 I11            0.000         0.000         0.000         0.000         2.500
 I12            0.000         0.000         0.000         0.000         2.500
 I13            0.000         0.000         0.000         0.000         2.500
 U              0.000         0.000         0.000         0.000         0.000


           PSI
              THETA         I01           I02           I03           I04
              ________      ________      ________      ________      ________
 THETA          2.000
 I01            0.000         0.000
 I02            0.000         0.000         0.000
 I03            0.000         0.000         0.000         0.000
 I04            0.000         0.000         0.000         0.000         0.000
 I05            0.000         0.000         0.000         0.000         0.000
 I06            0.000         0.000         0.000         0.000         0.000
 I07            0.000         0.000         0.000         0.000         0.000
 I08            0.000         0.000         0.000         0.000         0.000
 I09            0.000         0.000         0.000         0.000         0.000
 I10            0.000         0.000         0.000         0.000         0.000
 I11            0.000         0.000         0.000         0.000         0.000
 I12            0.000         0.000         0.000         0.000         0.000
 I13            0.000         0.000         0.000         0.000         0.000
 U              0.000         0.000         0.000         0.000         0.000


           PSI
              I05           I06           I07           I08           I09
              ________      ________      ________      ________      ________
 I05            0.000
 I06            0.000         0.000
 I07            0.000         0.000         0.000
 I08            0.000         0.000         0.000         0.000
 I09            0.000         0.000         0.000         0.000         0.000
 I10            0.000         0.000         0.000         0.000         0.000
 I11            0.000         0.000         0.000         0.000         0.000
 I12            0.000         0.000         0.000         0.000         0.000
 I13            0.000         0.000         0.000         0.000         0.000
 U              0.000         0.000         0.000         0.000         0.000


           PSI
              I10           I11           I12           I13           U
              ________      ________      ________      ________      ________
 I10            0.000
 I11            0.000         0.000
 I12            0.000         0.000         0.000
 I13            0.000         0.000         0.000         0.000
 U              0.000         0.000         0.000         0.000         1.000


TECHNICAL 8 OUTPUT


  TECHNICAL 8 OUTPUT FOR REPLICATION 1


   E STEP  ITER  LOGLIKELIHOOD    ABS CHANGE   REL CHANGE  ALGORITHM
              1 -0.42161687D+05    0.0000000    0.0000000  EM
              2 -0.34945963D+05 7215.7238491    0.1711441  EM
              3 -0.34818220D+05  127.7438871    0.0036555  EM
              4 -0.34813606D+05    4.6131709    0.0001325  EM
              5 -0.34812912D+05    0.6944935    0.0000199  EM
              6 -0.34812621D+05    0.2911365    0.0000084  EM
              7 -0.34812460D+05    0.1605250    0.0000046  EM
              8 -0.34812368D+05    0.0923902    0.0000027  EM
              9 -0.34812249D+05    0.1186602    0.0000034  FS
             10 -0.34812241D+05    0.0077142    0.0000002  FS
             11 -0.34812241D+05    0.0006733    0.0000000  FS


TECHNICAL 9 OUTPUT

  Error messages for each replication (if any)



SAVEDATA INFORMATION

  Order of variables

    I01
    I02
    I03
    I04
    I05
    I06
    I07
    I08
    I09
    I10
    I11
    I12
    I13
    U

  Save file
    rasch_bias_n5000.dat

  Save file format           Free
  Save file record length    10000


     Beginning Time:  12:47:46
        Ending Time:  12:47:47
       Elapsed Time:  00:00:01



MUTHEN & MUTHEN
3463 Stoner Ave.
Los Angeles, CA  90066

Tel: (310) 391-9971
Fax: (310) 391-8971
Web: www.StatModel.com
Support: Support@StatModel.com

Copyright (c) 1998-2023 Muthen & Muthen
